This is pdfTeXk, Version 3.1415926-1.40.9 (Web2C 7.5.7) (format=pdfetex 2008.8.22)  24 OCT 2008 05:56
entering extended mode
 file:line:error style messages enabled.
 %&-line parsing enabled.
**/var/folders/h8/h8PzzmTvG9S4z--SipDtJU+++TM/-Tmp-//t2d40899/xtr/iterate.texin
fo

(/var/folders/h8/h8PzzmTvG9S4z--SipDtJU+++TM/-Tmp-//t2d40899/xtr/iterate.texinf
o (/usr/local/texlive/2008/texmf-dist/tex/texinfo/texinfo.tex
Loading texinfo [version 2008-04-18.10]:
\bindingoffset=\dimen16
\normaloffset=\dimen17
\pagewidth=\dimen18
\pageheight=\dimen19
\outerhsize=\dimen20
\outervsize=\dimen21
\cornerlong=\dimen22
\cornerthick=\dimen23
\topandbottommargin=\dimen24
\headlinebox=\box16
\footlinebox=\box17
\margin=\insert252
\EMsimple=\toks13
\groupbox=\box18
\groupinvalidhelp=\toks14
\mil=\dimen25
\exdentamount=\skip18
\inmarginspacing=\skip19
 pdf,
\tempnum=\count27
\lnkcount=\count28
\filename=\toks15
\filenamelength=\count29
\pgn=\count30
\toksA=\toks16
\toksB=\toks17
\toksC=\toks18
\toksD=\toks19
\boxA=\box19
\countA=\count31
\nopdfimagehelp=\toks20
 fonts,
\sffam=\fam8
\textleading=\dimen26
\fontdepth=\count32
 page headings,
\titlepagetopglue=\skip20
\titlepagebottomglue=\skip21
\evenheadline=\toks21
\oddheadline=\toks22
\evenfootline=\toks23
\oddfootline=\toks24
 tables,
\tableindent=\dimen27
\itemindent=\dimen28
\itemmargin=\dimen29
\itemmax=\dimen30
\itemno=\count33
\multitableparskip=\skip22
\multitableparindent=\skip23
\multitablecolspace=\dimen31
\multitablelinespace=\skip24
\colcount=\count34
\everytab=\toks25

conditionals,
\doignorecount=\count35
 indexing,
\whatsitskip=\skip25
\whatsitpenalty=\count36
\secondaryindent=\skip26
\partialpage=\box20
\doublecolumnhsize=\dimen32
 sectioning,
\unnumberedno=\count37
\chapno=\count38
\secno=\count39
\subsecno=\count40
\subsubsecno=\count41
\appendixno=\count42
\absseclevel=\count43
\secbase=\count44
\chapheadingskip=\skip27
\secheadingskip=\skip28
\subsecheadingskip=\skip29
 toc,
\tocfile=\write0
\contentsrightmargin=\skip30
\savepageno=\count45
\lastnegativepageno=\count46
\tocindent=\dimen33
 environments,
\errorbox=\box21
\lispnarrowing=\skip31
\envskipamount=\skip32
\circthick=\dimen34
\cartouter=\dimen35
\cartinner=\dimen36
\normbskip=\skip33
\normpskip=\skip34
\normlskip=\skip35
\lskip=\skip36
\rskip=\skip37
\tabw=\dimen37
 defuns,
\defbodyindent=\skip38
\defargsindent=\skip39
\deflastargmargin=\skip40
\defunpenalty=\count47
\parencount=\count48
\brackcount=\count49
 macros,
\paramno=\count50
\macname=\toks26

cross references,
\auxfile=\write1
\savesfregister=\count51
 insertions,
\footnoteno=\count52
\SAVEfootins=\box22
\SAVEmargin=\box23

(/usr/local/texlive/2008/texmf-dist/tex/generic/epsf/epsf.tex
This is `epsf.tex' v2.7.3 <23 July 2005>
\epsffilein=\read1
\epsfframemargin=\dimen38
\epsfframethickness=\dimen39
\epsfrsize=\dimen40
\epsftmp=\dimen41
\epsftsize=\dimen42
\epsfxsize=\dimen43
\epsfysize=\dimen44
\pspoints=\dimen45
)
\noepsfhelp=\toks27
 localization,
\nolanghelp=\toks28
\countUTFx=\count53
\countUTFy=\count54
\countUTFz=\count55
 formatting,
\defaultparindent=\dimen46
 and turning on texinfo input format.)
(./iterate.aux)
\openout1 = `iterate.aux'.

@cpindfile=@write2
@fnindfile=@write3
@vrindfile=@write4
@tpindfile=@write5
@kyindfile=@write6
@pgindfile=@write7
@itindfile=@write8
 [1
\openout2 = `iterate.cp'.

\openout3 = `iterate.fn'.

\openout4 = `iterate.vr'.

\openout5 = `iterate.tp'.

\openout6 = `iterate.ky'.

\openout7 = `iterate.pg'.

\openout8 = `iterate.it'.

{/usr/local/texlive/2008/texmf-var/fonts/map/pdftex/updmap/pdftex.map}] [2] (./
iterate.toc [-1]) [-2] (./iterate.toc) (./iterate.toc)
Chapter 1
\openout0 = `iterate.toc'.

 Chapter 2 [1] [2] [3] [4] [5] [6] [7] [8] [9] [10] [11] [12] [13]
Chapter 3 [14] [15] [16] Chapter 4 [17] [18] [19] Chapter 5 [20] Chapter 6
[21] Chapter 7 [22] [23] [24] [25] [26] Chapter 8 [27] Chapter 9 [28]
Underfull \hbox (badness 2600) in paragraph at lines 1--2218
[]@texttt iterate[] @textrm has been suc-cess-fully ported to most im-ple-men-t
a-tions that pur-port to

@hbox(7.60416+2.12917)x433.62, glue set 2.96333
.@hbox(0.0+0.0)x15.0
.@kern -15.0
.@texttt i
.@texttt t
.@texttt e
.etc.

Chapter 10 [29] Appendix A [30] [31] [32] [33] [34] [35] [36] (Index) [37]
(./iterate.cps) [38]
Overfull \vbox (3.05211pt too high) has occurred while \output is active
\vbox(643.2+0.0)x433.62, glue set - 1.0
.\glue(\topskip) 24.00002
.\vbox(11.99998+0.0)x433.62
..\hbox(11.99998+0.0)x433.62, glue set 385.65002fil
...\hbox(0.0+0.0)x0.0
...\chaprm I
...\chaprm n
...\chaprm d
...\chaprm e
...etc.
.\penalty 10000
.\glue 12.0 plus 4.0 minus 4.0
.\penalty 10000
.etc.


[39] ) 
Here is how much of TeX's memory you used:
 1949 strings out of 495629
 24261 string characters out of 1167884
 94665 words of memory out of 3000000
 3170 multiletter control sequences out of 10000+50000
 32127 words of font info for 112 fonts, out of 3000000 for 5000
 886 hyphenation exceptions out of 8191
 15i,6n,17p,374b,510s stack positions out of 5000i,500n,10000p,200000b,50000s
</usr/local/texlive/2008/texmf-dist/fonts/type1/bluesky/cm/cmb10.pfb></us
r/local/texlive/2008/texmf-dist/fonts/type1/bluesky/cm/cmbx12.pfb></usr/local/t
exlive/2008/texmf-dist/fonts/type1/bluesky/cm/cmmi10.pfb></usr/local/texlive/20
08/texmf-dist/fonts/type1/bluesky/cm/cmmi12.pfb></usr/local/texlive/2008/texmf-
dist/fonts/type1/bluesky/cm/cmmi9.pfb></usr/local/texlive/2008/texmf-dist/fonts
/type1/bluesky/cm/cmr10.pfb></usr/local/texlive/2008/texmf-dist/fonts/type1/blu
esky/cm/cmr7.pfb></usr/local/texlive/2008/texmf-dist/fonts/type1/bluesky/cm/cmr
9.pfb></usr/local/texlive/2008/texmf-dist/fonts/type1/bluesky/cm/cmsl10.pfb></u
sr/local/texlive/2008/texmf-dist/fonts/type1/bluesky/cm/cmsltt10.pfb></usr/loca
l/texlive/2008/texmf-dist/fonts/type1/bluesky/cm/cmss10.pfb></usr/local/texlive
/2008/texmf-dist/fonts/type1/bluesky/cm/cmsy10.pfb></usr/local/texlive/2008/tex
mf-dist/fonts/type1/bluesky/cm/cmti10.pfb></usr/local/texlive/2008/texmf-dist/f
onts/type1/bluesky/cm/cmtt10.pfb></usr/local/texlive/2008/texmf-dist/fonts/type
1/bluesky/cm/cmtt12.pfb></usr/local/texlive/2008/texmf-dist/fonts/type1/bluesky
/cm/cmtt9.pfb>
Output written on iterate.pdf (43 pages, 278530 bytes).
PDF statistics:
 610 PDF objects out of 1000 (max. 8388607)
 75 named destinations out of 1000 (max. 131072)
 437 words of extra memory for PDF output out of 10000 (max. 10000000)

