This is pdfTeXk, Version 3.141592-1.40.3 (Web2C 7.5.6) (format=pdfetex 2009.10.20)  30 NOV 2009 18:08
entering extended mode
 file:line:error style messages enabled.
 %&-line parsing enabled.
**\catcode126=12 \def\normaltilde{~}\catcode126=13 \let~\normaltilde  \input /h
ome/huang/cl/site/cffi/doc/cffi-manual.t2d/pdf/xtr/cffi-manual.texinfo
(/home/huang/cl/site/cffi/doc/cffi-manual.t2d/pdf/xtr/cffi-manual.texinfo
(/usr/share/texmf/tex/texinfo/texinfo.tex
Loading texinfo [version 2008-04-18.10]:
\bindingoffset=\dimen16
\normaloffset=\dimen17
\pagewidth=\dimen18
\pageheight=\dimen19
\outerhsize=\dimen20
\outervsize=\dimen21
\cornerlong=\dimen22
\cornerthick=\dimen23
\topandbottommargin=\dimen24
\headlinebox=\box16
\footlinebox=\box17
\margin=\insert252
\EMsimple=\toks13
\groupbox=\box18
\groupinvalidhelp=\toks14
\mil=\dimen25
\exdentamount=\skip18
\inmarginspacing=\skip19
 pdf,
\tempnum=\count27
\lnkcount=\count28
\filename=\toks15
\filenamelength=\count29
\pgn=\count30
\toksA=\toks16
\toksB=\toks17
\toksC=\toks18
\toksD=\toks19
\boxA=\box19
\countA=\count31
\nopdfimagehelp=\toks20
 fonts,
\sffam=\fam8
\textleading=\dimen26
\fontdepth=\count32
 page headings,
\titlepagetopglue=\skip20
\titlepagebottomglue=\skip21
\evenheadline=\toks21
\oddheadline=\toks22
\evenfootline=\toks23
\oddfootline=\toks24
 tables,
\tableindent=\dimen27
\itemindent=\dimen28
\itemmargin=\dimen29
\itemmax=\dimen30
\itemno=\count33
\multitableparskip=\skip22
\multitableparindent=\skip23
\multitablecolspace=\dimen31
\multitablelinespace=\skip24
\colcount=\count34
\everytab=\toks25

conditionals,
\doignorecount=\count35
 indexing,
\whatsitskip=\skip25
\whatsitpenalty=\count36
\secondaryindent=\skip26
\partialpage=\box20
\doublecolumnhsize=\dimen32
 sectioning,
\unnumberedno=\count37
\chapno=\count38
\secno=\count39
\subsecno=\count40
\subsubsecno=\count41
\appendixno=\count42
\absseclevel=\count43
\secbase=\count44
\chapheadingskip=\skip27
\secheadingskip=\skip28
\subsecheadingskip=\skip29
 toc,
\tocfile=\write0
\contentsrightmargin=\skip30
\savepageno=\count45
\lastnegativepageno=\count46
\tocindent=\dimen33
 environments,
\errorbox=\box21
\lispnarrowing=\skip31
\envskipamount=\skip32
\circthick=\dimen34
\cartouter=\dimen35
\cartinner=\dimen36
\normbskip=\skip33
\normpskip=\skip34
\normlskip=\skip35
\lskip=\skip36
\rskip=\skip37
\tabw=\dimen37
 defuns,
\defbodyindent=\skip38
\defargsindent=\skip39
\deflastargmargin=\skip40
\defunpenalty=\count47
\parencount=\count48
\brackcount=\count49
 macros,
\paramno=\count50
\macname=\toks26

cross references,
\auxfile=\write1
\savesfregister=\count51
 insertions,
\footnoteno=\count52
\SAVEfootins=\box22
\SAVEmargin=\box23

(/usr/share/texmf-texlive/tex/generic/epsf/epsf.tex
This is `epsf.tex' v2.7.3 <23 July 2005>
\epsffilein=\read1
\epsfframemargin=\dimen38
\epsfframethickness=\dimen39
\epsfrsize=\dimen40
\epsftmp=\dimen41
\epsftsize=\dimen42
\epsfxsize=\dimen43
\epsfysize=\dimen44
\pspoints=\dimen45
)
\noepsfhelp=\toks27
 localization,
\nolanghelp=\toks28
\countUTFx=\count53
\countUTFy=\count54
\countUTFz=\count55
 formatting,
\defaultparindent=\dimen46
 and turning on texinfo input format.)
(./cffi-manual.aux)
\openout1 = `cffi-manual.aux'.

@cpindfile=@write2
@fnindfile=@write3
@vrindfile=@write4
@tpindfile=@write5
@kyindfile=@write6
@pgindfile=@write7
 [1
\openout2 = `cffi-manual.cp'.

\openout3 = `cffi-manual.fn'.

\openout4 = `cffi-manual.vr'.

\openout5 = `cffi-manual.tp'.

\openout6 = `cffi-manual.ky'.

\openout7 = `cffi-manual.pg'.

{/var/lib/texmf/fonts/map/pdftex/updmap/pdftex.map}]
[2] (./cffi-manual.toc [-1] [-2]) [-3] (./cffi-manual.toc) (./cffi-manual.toc)
Chapter 1
\openout0 = `cffi-manual.toc'.

 Chapter 2 [1] Chapter 3 [2] Chapter 4 [3] [4] [5] [6] [7] [8]
[9] [10] [11] [12] [13] [14] [15] [16] [17] [18] [19] Chapter 5 [20] Chapter 6
[21] [22] [23] [24] [25] [26] [27] [28] [29] [30] [31] [32] [33] [34] [35]
[36] [37] [38] [39] [40] [41] [42] [43] [44] [45] [46] [47] [48] [49] [50]
[51] [52] [53] Chapter 7 [54] [55] [56] [57] [58] [59] [60] [61] [62] [63]
[64] [65] [66] [67] [68] [69] [70] [71] Chapter 8 [72] [73]
Overfull \hbox (13.68295pt too wide) in paragraph at lines 4578--4578
 []@texttt CFFI> (foreign-funcall "strdup" (:string :encoding :utf-16) "foo" :s
tring)[] 

@hbox(7.60416+2.43333)x433.62
.@glue(@leftskip) 21.90005
.@hbox(0.0+0.0)x0.0
.@texttt C
.@texttt F
.@texttt F
.etc.


Overfull \hbox (30.92902pt too wide) in paragraph at lines 4581--4581
 []        @texttt (foreign-funcall "strdup" (:string :encoding :utf-16) "foo" 
:string))[] 

@hbox(7.60416+2.43333)x433.62
.@glue(@leftskip) 21.90005
.@hbox(0.0+0.0)x0.0
.@penalty 10000
.@glue 5.74869
.@penalty 10000
.etc.

[74] [75] [76] [77] [78] [79] Chapter 9 [80] [81] [82] [83] Chapter 10 [84]
[85] [86] [87]
Underfull \hbox (badness 3009) in paragraph at lines 5206--5212
 @textrm sup-port @texttt foreign-funcall[] cffi-sys::no-foreign-funcall[] @tex
trm will be present in

@hbox(7.60416+2.43333)x433.62, glue set 3.1119
.@glue(@leftskip) 21.68121
.@textrm s
.@textrm u
.@textrm p
.@discretionary
..@textrm -
.etc.

[88] [89]
Underfull \hbox (badness 3009) in paragraph at lines 5301--5307
 @textrm sup-port @texttt foreign-funcall[] cffi-sys::no-foreign-funcall[] @tex
trm will be present in

@hbox(7.60416+2.43333)x433.62, glue set 3.1119
.@glue(@leftskip) 21.68121
.@textrm s
.@textrm u
.@textrm p
.@discretionary
..@textrm -
.etc.

Chapter 11 [90] [91] [92]
Underfull \hbox (badness 7944) in paragraph at lines 5460--5464
[]@textrm A list con-tain-ing the fol-low-ing, in or-der: an ex-pres-sion cor-r
e-spond-ing to

@hbox(7.60416+2.12917)x433.62, glue set 4.30112
.@hbox(0.0+0.0)x15.0
.@kern -15.0
.@textrm A
.@glue 3.65 plus 1.82317 minus 1.21786
.@textrm l
.etc.


Underfull \hbox (badness 10000) in paragraph at lines 5460--5464
@textrm Dar-win path `@texttt ~/Library/Frameworks/[]@textrm '[], @texttt #P"/L
ibrary/Frameworks/"[]@textrm , and

@hbox(7.60416+2.43333)x433.62, glue set 8.94481
.@textrm D
.@textrm a
.@textrm r
.@discretionary
..@textrm -
.@textrm w
.etc.

[93] [94] [95] [96] [97] [98] [99] Chapter 12 [100] [101] [102] [103] [104]
Chapter 13 [105] [106] [107] [108] Chapter 14 [109] Appendix A [110]
Appendix B [111] (Index) [112] (./cffi-manual.cps [113] [114]) [115] ) 
Here is how much of TeX's memory you used:
 2347 strings out of 97159
 31153 string characters out of 1208395
 79171 words of memory out of 1500000
 3215 multiletter control sequences out of 10000+50000
 32127 words of font info for 112 fonts, out of 1200000 for 2000
 51 hyphenation exceptions out of 8191
 17i,6n,17p,668b,597s stack positions out of 5000i,500n,6000p,200000b,5000s
</usr/sha
re/texmf-texlive/fonts/type1/bluesky/cm/cmb10.pfb></usr/share/texmf-texlive/fon
ts/type1/bluesky/cm/cmbx12.pfb></usr/share/texmf-texlive/fonts/type1/bluesky/cm
/cmcsc10.pfb></usr/share/texmf-texlive/fonts/type1/bluesky/cm/cmmi10.pfb></usr/
share/texmf-texlive/fonts/type1/bluesky/cm/cmmi12.pfb></usr/share/texmf-texlive
/fonts/type1/bluesky/cm/cmmi9.pfb></usr/share/texmf-texlive/fonts/type1/bluesky
/cm/cmr10.pfb></usr/share/texmf-texlive/fonts/type1/bluesky/cm/cmr7.pfb></usr/s
hare/texmf-texlive/fonts/type1/bluesky/cm/cmr8.pfb></usr/share/texmf-texlive/fo
nts/type1/bluesky/cm/cmr9.pfb></usr/share/texmf-texlive/fonts/type1/bluesky/cm/
cmsl10.pfb></usr/share/texmf-texlive/fonts/type1/bluesky/cm/cmsl9.pfb></usr/sha
re/texmf-texlive/fonts/type1/bluesky/cm/cmsltt10.pfb></usr/share/texmf-texlive/
fonts/type1/bluesky/cm/cmss10.pfb></usr/share/texmf-texlive/fonts/type1/bluesky
/cm/cmsy10.pfb></usr/share/texmf-texlive/fonts/type1/bluesky/cm/cmsy9.pfb></usr
/share/texmf-texlive/fonts/type1/bluesky/cm/cmti10.pfb></usr/share/texmf-texliv
e/fonts/type1/bluesky/cm/cmti9.pfb></usr/share/texmf-texlive/fonts/type1/bluesk
y/cm/cmtt10.pfb></usr/share/texmf-texlive/fonts/type1/bluesky/cm/cmtt12.pfb></u
sr/share/texmf-texlive/fonts/type1/bluesky/cm/cmtt9.pfb>
Output written on cffi-manual.pdf (120 pages, 524991 bytes).
PDF statistics:
 1532 PDF objects out of 1728 (max. 8388607)
 223 named destinations out of 1000 (max. 131072)
 869 words of extra memory for PDF output out of 10000 (max. 10000000)

