This is pdfTeXk, Version 3.1415926-1.40.9 (Web2C 7.5.7) (format=pdfetex 2008.8.22)  23 OCT 2008 01:41
entering extended mode
 file:line:error style messages enabled.
 %&-line parsing enabled.
**/Users/hjs/.sbcl/site/cffi/doc/cffi-sys-spec.t2d/pdf/xtr/cffi-sys-spec.texinf
o

(/Users/hjs/.sbcl/site/cffi/doc/cffi-sys-spec.t2d/pdf/xtr/cffi-sys-spec.texinfo
(/usr/local/texlive/2008/texmf-dist/tex/texinfo/texinfo.tex
Loading texinfo [version 2008-04-18.10]:
\bindingoffset=\dimen16
\normaloffset=\dimen17
\pagewidth=\dimen18
\pageheight=\dimen19
\outerhsize=\dimen20
\outervsize=\dimen21
\cornerlong=\dimen22
\cornerthick=\dimen23
\topandbottommargin=\dimen24
\headlinebox=\box16
\footlinebox=\box17
\margin=\insert252
\EMsimple=\toks13
\groupbox=\box18
\groupinvalidhelp=\toks14
\mil=\dimen25
\exdentamount=\skip18
\inmarginspacing=\skip19
 pdf,
\tempnum=\count27
\lnkcount=\count28
\filename=\toks15
\filenamelength=\count29
\pgn=\count30
\toksA=\toks16
\toksB=\toks17
\toksC=\toks18
\toksD=\toks19
\boxA=\box19
\countA=\count31
\nopdfimagehelp=\toks20
 fonts,
\sffam=\fam8
\textleading=\dimen26
\fontdepth=\count32
 page headings,
\titlepagetopglue=\skip20
\titlepagebottomglue=\skip21
\evenheadline=\toks21
\oddheadline=\toks22
\evenfootline=\toks23
\oddfootline=\toks24
 tables,
\tableindent=\dimen27
\itemindent=\dimen28
\itemmargin=\dimen29
\itemmax=\dimen30
\itemno=\count33
\multitableparskip=\skip22
\multitableparindent=\skip23
\multitablecolspace=\dimen31
\multitablelinespace=\skip24
\colcount=\count34
\everytab=\toks25

conditionals,
\doignorecount=\count35
 indexing,
\whatsitskip=\skip25
\whatsitpenalty=\count36
\secondaryindent=\skip26
\partialpage=\box20
\doublecolumnhsize=\dimen32
 sectioning,
\unnumberedno=\count37
\chapno=\count38
\secno=\count39
\subsecno=\count40
\subsubsecno=\count41
\appendixno=\count42
\absseclevel=\count43
\secbase=\count44
\chapheadingskip=\skip27
\secheadingskip=\skip28
\subsecheadingskip=\skip29
 toc,
\tocfile=\write0
\contentsrightmargin=\skip30
\savepageno=\count45
\lastnegativepageno=\count46
\tocindent=\dimen33
 environments,
\errorbox=\box21
\lispnarrowing=\skip31
\envskipamount=\skip32
\circthick=\dimen34
\cartouter=\dimen35
\cartinner=\dimen36
\normbskip=\skip33
\normpskip=\skip34
\normlskip=\skip35
\lskip=\skip36
\rskip=\skip37
\tabw=\dimen37
 defuns,
\defbodyindent=\skip38
\defargsindent=\skip39
\deflastargmargin=\skip40
\defunpenalty=\count47
\parencount=\count48
\brackcount=\count49
 macros,
\paramno=\count50
\macname=\toks26

cross references,
\auxfile=\write1
\savesfregister=\count51
 insertions,
\footnoteno=\count52
\SAVEfootins=\box22
\SAVEmargin=\box23

(/usr/local/texlive/2008/texmf-dist/tex/generic/epsf/epsf.tex
This is `epsf.tex' v2.7.3 <23 July 2005>
\epsffilein=\read1
\epsfframemargin=\dimen38
\epsfframethickness=\dimen39
\epsfrsize=\dimen40
\epsftmp=\dimen41
\epsftsize=\dimen42
\epsfxsize=\dimen43
\epsfysize=\dimen44
\pspoints=\dimen45
)
\noepsfhelp=\toks27
 localization,
\nolanghelp=\toks28
\countUTFx=\count53
\countUTFy=\count54
\countUTFz=\count55
 formatting,
\defaultparindent=\dimen46
 and turning on texinfo input format.)
(./cffi-sys-spec.aux)
\openout1 = `cffi-sys-spec.aux'.

@cpindfile=@write2
@fnindfile=@write3
@vrindfile=@write4
@tpindfile=@write5
@kyindfile=@write6
@pgindfile=@write7
 [1
\openout2 = `cffi-sys-spec.cp'.

\openout3 = `cffi-sys-spec.fn'.

\openout4 = `cffi-sys-spec.vr'.

\openout5 = `cffi-sys-spec.tp'.

\openout6 = `cffi-sys-spec.ky'.

\openout7 = `cffi-sys-spec.pg'.

{/usr/local/texlive/2008/texmf-var/fonts/map/pdftex/updmap/pdftex.map}] [2] (./
cffi-sys-spec.toc) [-1] (./cffi-sys-spec.toc)
(./cffi-sys-spec.toc) Chapter 1
\openout0 = `cffi-sys-spec.toc'.

 Chapter 2 [1] Chapter 3 [2] Chapter 4 [3]
Chapter 5 [4] Chapter 6 [5] Chapter 7 [6] Chapter 8 [7] Chapter 9 [8]
(Symbol Index) [9] (./cffi-sys-spec.fns) [10] ) 
Here is how much of TeX's memory you used:
 1738 strings out of 495629
 21386 string characters out of 1167884
 75075 words of memory out of 3000000
 3013 multiletter control sequences out of 10000+50000
 32127 words of font info for 112 fonts, out of 3000000 for 5000
 886 hyphenation exceptions out of 8191
 12i,6n,17p,424b,480s stack positions out of 5000i,500n,10000p,200000b,50000s
</usr/local/texlive/2008/texmf-d
ist/fonts/type1/bluesky/cm/cmb10.pfb></usr/local/texlive/2008/texmf-dist/fonts/
type1/bluesky/cm/cmbx12.pfb></usr/local/texlive/2008/texmf-dist/fonts/type1/blu
esky/cm/cmcsc10.pfb></usr/local/texlive/2008/texmf-dist/fonts/type1/bluesky/cm/
cmmi12.pfb></usr/local/texlive/2008/texmf-dist/fonts/type1/bluesky/cm/cmmi9.pfb
></usr/local/texlive/2008/texmf-dist/fonts/type1/bluesky/cm/cmr10.pfb></usr/loc
al/texlive/2008/texmf-dist/fonts/type1/bluesky/cm/cmr9.pfb></usr/local/texlive/
2008/texmf-dist/fonts/type1/bluesky/cm/cmsl10.pfb></usr/local/texlive/2008/texm
f-dist/fonts/type1/bluesky/cm/cmss10.pfb></usr/local/texlive/2008/texmf-dist/fo
nts/type1/bluesky/cm/cmsy10.pfb></usr/local/texlive/2008/texmf-dist/fonts/type1
/bluesky/cm/cmti10.pfb></usr/local/texlive/2008/texmf-dist/fonts/type1/bluesky/
cm/cmtt10.pfb></usr/local/texlive/2008/texmf-dist/fonts/type1/bluesky/cm/cmtt9.
pfb>
Output written on cffi-sys-spec.pdf (13 pages, 123364 bytes).
PDF statistics:
 210 PDF objects out of 1000 (max. 8388607)
 21 named destinations out of 1000 (max. 131072)
 93 words of extra memory for PDF output out of 10000 (max. 10000000)

