This is pdfTeXk, Version 3.1415926-1.40.9 (Web2C 7.5.7) (format=etex 2008.8.22)  24 OCT 2008 02:40
entering extended mode
 file:line:error style messages enabled.
 %&-line parsing enabled.
**/Users/hjs/.sbcl/site/babel/doc/babel.texinfo
(/Users/hjs/.sbcl/site/babel/doc/babel.texinfo
(/usr/local/texlive/2008/texmf-dist/tex/texinfo/texinfo.tex
Loading texinfo [version 2008-04-18.10]:
\bindingoffset=\dimen16
\normaloffset=\dimen17
\pagewidth=\dimen18
\pageheight=\dimen19
\outerhsize=\dimen20
\outervsize=\dimen21
\cornerlong=\dimen22
\cornerthick=\dimen23
\topandbottommargin=\dimen24
\headlinebox=\box16
\footlinebox=\box17
\margin=\insert252
\EMsimple=\toks13
\groupbox=\box18
\groupinvalidhelp=\toks14
\mil=\dimen25
\exdentamount=\skip18
\inmarginspacing=\skip19
 pdf,
\tempnum=\count27
\lnkcount=\count28
\filename=\toks15
\filenamelength=\count29
\pgn=\count30
\toksA=\toks16
\toksB=\toks17
\toksC=\toks18
\toksD=\toks19
\boxA=\box19
\countA=\count31
\nopdfimagehelp=\toks20
 fonts,
\sffam=\fam8
\textleading=\dimen26
\fontdepth=\count32
 page headings,
\titlepagetopglue=\skip20
\titlepagebottomglue=\skip21
\evenheadline=\toks21
\oddheadline=\toks22
\evenfootline=\toks23
\oddfootline=\toks24
 tables,
\tableindent=\dimen27
\itemindent=\dimen28
\itemmargin=\dimen29
\itemmax=\dimen30
\itemno=\count33
\multitableparskip=\skip22
\multitableparindent=\skip23
\multitablecolspace=\dimen31
\multitablelinespace=\skip24
\colcount=\count34
\everytab=\toks25

conditionals,
\doignorecount=\count35
 indexing,
\whatsitskip=\skip25
\whatsitpenalty=\count36
\secondaryindent=\skip26
\partialpage=\box20
\doublecolumnhsize=\dimen32
 sectioning,
\unnumberedno=\count37
\chapno=\count38
\secno=\count39
\subsecno=\count40
\subsubsecno=\count41
\appendixno=\count42
\absseclevel=\count43
\secbase=\count44
\chapheadingskip=\skip27
\secheadingskip=\skip28
\subsecheadingskip=\skip29
 toc,
\tocfile=\write0
\contentsrightmargin=\skip30
\savepageno=\count45
\lastnegativepageno=\count46
\tocindent=\dimen33
 environments,
\errorbox=\box21
\lispnarrowing=\skip31
\envskipamount=\skip32
\circthick=\dimen34
\cartouter=\dimen35
\cartinner=\dimen36
\normbskip=\skip33
\normpskip=\skip34
\normlskip=\skip35
\lskip=\skip36
\rskip=\skip37
\tabw=\dimen37
 defuns,
\defbodyindent=\skip38
\defargsindent=\skip39
\deflastargmargin=\skip40
\defunpenalty=\count47
\parencount=\count48
\brackcount=\count49
 macros,
\paramno=\count50
\macname=\toks26

cross references,
\auxfile=\write1
\savesfregister=\count51
 insertions,
\footnoteno=\count52
\SAVEfootins=\box22
\SAVEmargin=\box23

(/usr/local/texlive/2008/texmf-dist/tex/generic/epsf/epsf.tex
This is `epsf.tex' v2.7.3 <23 July 2005>
\epsffilein=\read1
\epsfframemargin=\dimen38
\epsfframethickness=\dimen39
\epsfrsize=\dimen40
\epsftmp=\dimen41
\epsftsize=\dimen42
\epsfxsize=\dimen43
\epsfysize=\dimen44
\pspoints=\dimen45
)
\noepsfhelp=\toks27
 localization,
\nolanghelp=\toks28
\countUTFx=\count53
\countUTFy=\count54
\countUTFz=\count55
 formatting,
\defaultparindent=\dimen46
 and turning on texinfo input format.) (./babel.aux)
\openout1 = `babel.aux'.

@cpindfile=@write2
@fnindfile=@write3
@vrindfile=@write4
@tpindfile=@write5
@kyindfile=@write6
@pgindfile=@write7
(./macros.texinfo) [1
\openout2 = `babel.cp'.

\openout3 = `babel.fn'.

\openout4 = `babel.vr'.

\openout5 = `babel.tp'.

\openout6 = `babel.ky'.

\openout7 = `babel.pg'.

] (./license.texinfo) [2] (./babel.toc) [-1] Chapter 1
\openout0 = `babel.toc'.


/Users/hjs/.sbcl/site/babel/doc/babel.texinfo:59: I can't find file `include/co
ndition-babel-character-out-of-range.texinfo'.
@temp ...ion-babel-character-out-of-range.texinfo 
                                                  
@includezzz ...and @input #1 }@expandafter }@temp 
                                                  @popthisfilestack 
l.59 ...ition-babel-character-out-of-range.texinfo
                                                  
(Press Enter to retry, or Control-D to exit)
Please type another input file name: 
/Users/hjs/.sbcl/site/babel/doc/babel.texinfo:59: Emergency stop.
@temp ...ion-babel-character-out-of-range.texinfo 
                                                  
@includezzz ...and @input #1 }@expandafter }@temp 
                                                  @popthisfilestack 
l.59 ...ition-babel-character-out-of-range.texinfo
                                                  
End of file on the terminal!

Output written on babel.dvi (3 pages, 2008 bytes).
